<?xml version="1.0" encoding="UTF-8" ?>
<testsuites>
  <testsuite errors="0" failures="0" hostname="katze" id="0" name="LoggerControllerIntegrationTests" package="" tests="1" time="0.042" timestamp="2009-06-19T23:58:24">
      <properties />

      <testcase classname="LoggerControllerIntegrationTests" name="testSomething" time="0.023" />

      <system-out><![CDATA[--Output from testSomething--
]]></system-out>

      <system-err><![CDATA[--Output from testSomething--
]]></system-err>

  </testsuite>
</testsuites>
