<?xml version="1.0" encoding="UTF-8" ?>
<testsuites>
  <testsuite errors="0" failures="0" hostname="katze" id="0" name="AdminControllerTests" package="" tests="1" time="0.641" timestamp="2009-07-15T16:48:59">
      <properties />

      <testcase classname="AdminControllerTests" name="testSomething" time="0.641" />

      <system-out><![CDATA[--Output from testSomething--
]]></system-out>

      <system-err><![CDATA[--Output from testSomething--
]]></system-err>

  </testsuite>
  <testsuite errors="0" failures="0" hostname="katze" id="1" name="DeathCauseTests" package="" tests="1" time="0.0030" timestamp="2009-07-15T16:48:59">
      <properties />

      <testcase classname="DeathCauseTests" name="testSomething" time="0.0030" />

      <system-out><![CDATA[--Output from testSomething--
]]></system-out>

      <system-err><![CDATA[--Output from testSomething--
]]></system-err>

  </testsuite>
  <testsuite errors="0" failures="0" hostname="katze" id="2" name="ForumGenreTests" package="" tests="1" time="0.0070" timestamp="2009-07-15T16:48:59">
      <properties />

      <testcase classname="ForumGenreTests" name="testSomething" time="0.0070" />

      <system-out><![CDATA[--Output from testSomething--
]]></system-out>

      <system-err><![CDATA[--Output from testSomething--
]]></system-err>

  </testsuite>
  <testsuite errors="0" failures="0" hostname="katze" id="3" name="ForumPostTests" package="" tests="1" time="0.0020" timestamp="2009-07-15T16:48:59">
      <properties />

      <testcase classname="ForumPostTests" name="testSomething" time="0.0020" />

      <system-out><![CDATA[--Output from testSomething--
]]></system-out>

      <system-err><![CDATA[--Output from testSomething--
]]></system-err>

  </testsuite>
  <testsuite errors="0" failures="0" hostname="katze" id="4" name="ForumTopicTests" package="" tests="1" time="0.0040" timestamp="2009-07-15T16:48:59">
      <properties />

      <testcase classname="ForumTopicTests" name="testSomething" time="0.0040" />

      <system-out><![CDATA[--Output from testSomething--
]]></system-out>

      <system-err><![CDATA[--Output from testSomething--
]]></system-err>

  </testsuite>
  <testsuite errors="0" failures="0" hostname="katze" id="5" name="GameControllerTests" package="" tests="1" time="0.011" timestamp="2009-07-15T16:48:59">
      <properties />

      <testcase classname="GameControllerTests" name="testSomething" time="0.011" />

      <system-out><![CDATA[--Output from testSomething--
]]></system-out>

      <system-err><![CDATA[--Output from testSomething--
]]></system-err>

  </testsuite>
  <testsuite errors="0" failures="0" hostname="katze" id="6" name="GameTests" package="" tests="1" time="0.0030" timestamp="2009-07-15T16:48:59">
      <properties />

      <testcase classname="GameTests" name="testSomething" time="0.0030" />

      <system-out><![CDATA[--Output from testSomething--
]]></system-out>

      <system-err><![CDATA[--Output from testSomething--
]]></system-err>

  </testsuite>
  <testsuite errors="0" failures="0" hostname="katze" id="7" name="HomeControllerTests" package="" tests="1" time="0.011" timestamp="2009-07-15T16:48:59">
      <properties />

      <testcase classname="HomeControllerTests" name="testSomething" time="0.011" />

      <system-out><![CDATA[--Output from testSomething--
]]></system-out>

      <system-err><![CDATA[--Output from testSomething--
]]></system-err>

  </testsuite>
  <testsuite errors="0" failures="0" hostname="katze" id="8" name="ItemTests" package="" tests="1" time="0.074" timestamp="2009-07-15T16:48:59">
      <properties />

      <testcase classname="ItemTests" name="testSomething" time="0.074" />

      <system-out><![CDATA[--Output from testSomething--
]]></system-out>

      <system-err><![CDATA[--Output from testSomething--
]]></system-err>

  </testsuite>
  <testsuite errors="0" failures="0" hostname="katze" id="9" name="LogJobTests" package="" tests="1" time="0.0030" timestamp="2009-07-15T16:48:59">
      <properties />

      <testcase classname="LogJobTests" name="testSomething" time="0.0030" />

      <system-out><![CDATA[--Output from testSomething--
]]></system-out>

      <system-err><![CDATA[--Output from testSomething--
]]></system-err>

  </testsuite>
  <testsuite errors="0" failures="0" hostname="katze" id="10" name="NewsTests" package="" tests="1" time="0.0030" timestamp="2009-07-15T16:48:59">
      <properties />

      <testcase classname="NewsTests" name="testSomething" time="0.0030" />

      <system-out><![CDATA[--Output from testSomething--
]]></system-out>

      <system-err><![CDATA[--Output from testSomething--
]]></system-err>

  </testsuite>
  <testsuite errors="0" failures="0" hostname="katze" id="11" name="TailTests" package="no.eirikb.utils.tail" tests="2" time="0.062" timestamp="2009-07-15T16:48:59">
      <properties />

      <testcase classname="no.eirikb.utils.tail.TailTests" name="testParse" time="0.049" />

      <testcase classname="no.eirikb.utils.tail.TailTests" name="testParseReverse" time="0.013" />

      <system-out><![CDATA[--Output from testParse--
--Output from testParseReverse--
]]></system-out>

      <system-err><![CDATA[--Output from testParse--
--Output from testParseReverse--
]]></system-err>

  </testsuite>
</testsuites>
